<?xml version="1.0" encoding="UTF-8"?>
<!-- Generated by org.testng.reporters.JUnitXMLReporter -->
<testsuite ignored="0" hostname="KSB" failures="0" tests="7" name="GitHub_Test" time="64.639" errors="0" timestamp="2022-09-07T17:00:33 IST">
  <testcase classname="github_Test.Github_Repo_Test" name="check_invalidlogin" time="3.784"/>
  <testcase classname="github_Test.Github_Repo_Test" name="check_validlogin" time="4.276"/>
  <testcase classname="github_Test.Github_Repo_Test" name="verify_repo_owner" time="2.002"/>
  <testcase classname="github_Test.Github_Repo_Test" name="create_newrepo" time="25.154"/>
  <testcase classname="github_Test.Github_Repo_Test" name="delete_repo" time="6.315"/>
  <testcase classname="github_Test.Github_Repo_Test" name="verify_repo_delete" time="0.207"/>
  <testcase classname="github_Test.Github_Repo_Test" name="verify_logout" time="3.582"/>
</testsuite> <!-- GitHub_Test -->
