<?xml version="1.0" encoding="UTF-8"?>
<!-- Generated by org.testng.reporters.JUnitXMLReporter -->
<testsuite ignored="0" hostname="KSB" failures="1" tests="4" name="Test" time="3.491" errors="0" timestamp="2022-09-07T16:53:08 IST">
  <testcase classname="com.sunsystem.xyz.AppTest" name="test1" time="0.104"/>
  <testcase classname="com.sunsystem.xyz.AppTest" name="test2" time="0.023">
    <failure type="java.lang.AssertionError">
      <![CDATA[java.lang.AssertionError: 
at com.sunsystem.xyz.AppTest.test2(AppTest.java:45)
at java.base/java.util.ArrayList.forEach(ArrayList.java:1511)
... Removed 30 stack frames]]>
    </failure>
  </testcase> <!-- test2 -->
  <testcase classname="com.sunsystem.xyz.AppTest" name="test3" time="0.017"/>
  <testcase classname="com.sunsystem.xyz.AppTest" name="test4" time="0.008">
    <skipped/>
  </testcase> <!-- test4 -->
</testsuite> <!-- Test -->
