<?xml version="1.0" encoding="UTF-8"?>
<!-- Generated by org.testng.reporters.JUnitXMLReporter -->
<testsuite ignored="0" hostname="KSB" failures="0" tests="7" name="Default test" time="83.785" errors="0" timestamp="2022-09-07T12:53:26 IST">
  <testcase classname="github_Test.Github_Repo_Test" name="check_invalidlogin" time="4.753"/>
  <testcase classname="github_Test.Github_Repo_Test" name="check_validlogin" time="7.214"/>
  <testcase classname="github_Test.Github_Repo_Test" name="verify_repo_owner" time="4.439"/>
  <testcase classname="github_Test.Github_Repo_Test" name="create_newrepo" time="22.839"/>
  <testcase classname="github_Test.Github_Repo_Test" name="delete_repo" time="8.754"/>
  <testcase classname="github_Test.Github_Repo_Test" name="verify_repo_delete" time="0.165"/>
  <testcase classname="github_Test.Github_Repo_Test" name="verify_logout" time="4.411"/>
</testsuite> <!-- Default test -->
