<?xml version="1.0" encoding="UTF-8"?>
<testng-results ignored="0" total="7" passed="7" failed="0" skipped="0">
  <reporter-output>
  </reporter-output>
  <suite started-at="2022-09-11T09:23:41 IST" name="Suite" finished-at="2022-09-11T09:24:52 IST" duration-ms="70675">
    <groups>
    </groups>
    <test started-at="2022-09-11T09:23:41 IST" name="GitHub_Test" finished-at="2022-09-11T09:24:52 IST" duration-ms="70675">
      <class name="github_Test.Github_Repo_Test">
        <test-method is-config="true" signature="before_test()[pri:0, instance:github_Test.Github_Repo_Test@43bc63a3]" started-at="2022-09-11T09:23:43 IST" name="before_test" finished-at="2022-09-11T09:24:04 IST" duration-ms="20897" status="PASS">
          <reporter-output>
          </reporter-output>
        </test-method> <!-- before_test -->
        <test-method signature="check_invalidlogin()[pri:0, instance:github_Test.Github_Repo_Test@43bc63a3]" started-at="2022-09-11T09:24:04 IST" name="check_invalidlogin" finished-at="2022-09-11T09:24:11 IST" duration-ms="6549" status="PASS">
          <reporter-output>
          </reporter-output>
        </test-method> <!-- check_invalidlogin -->
        <test-method signature="check_validlogin()[pri:1, instance:github_Test.Github_Repo_Test@43bc63a3]" started-at="2022-09-11T09:24:11 IST" name="check_validlogin" finished-at="2022-09-11T09:24:17 IST" duration-ms="6547" status="PASS">
          <reporter-output>
          </reporter-output>
        </test-method> <!-- check_validlogin -->
        <test-method signature="verify_repo_owner()[pri:2, instance:github_Test.Github_Repo_Test@43bc63a3]" started-at="2022-09-11T09:24:17 IST" name="verify_repo_owner" finished-at="2022-09-11T09:24:19 IST" duration-ms="2126" status="PASS">
          <reporter-output>
          </reporter-output>
        </test-method> <!-- verify_repo_owner -->
        <test-method signature="create_newrepo()[pri:3, instance:github_Test.Github_Repo_Test@43bc63a3]" started-at="2022-09-11T09:24:19 IST" name="create_newrepo" finished-at="2022-09-11T09:24:40 IST" duration-ms="20989" status="PASS">
          <reporter-output>
          </reporter-output>
        </test-method> <!-- create_newrepo -->
        <test-method signature="delete_repo()[pri:4, instance:github_Test.Github_Repo_Test@43bc63a3]" started-at="2022-09-11T09:24:40 IST" name="delete_repo" finished-at="2022-09-11T09:24:46 IST" duration-ms="5585" status="PASS">
          <reporter-output>
          </reporter-output>
        </test-method> <!-- delete_repo -->
        <test-method signature="verify_repo_delete()[pri:5, instance:github_Test.Github_Repo_Test@43bc63a3]" started-at="2022-09-11T09:24:46 IST" name="verify_repo_delete" finished-at="2022-09-11T09:24:46 IST" duration-ms="249" status="PASS">
          <reporter-output>
          </reporter-output>
        </test-method> <!-- verify_repo_delete -->
        <test-method signature="verify_logout()[pri:6, instance:github_Test.Github_Repo_Test@43bc63a3]" started-at="2022-09-11T09:24:46 IST" name="verify_logout" finished-at="2022-09-11T09:24:51 IST" duration-ms="4703" status="PASS">
          <reporter-output>
          </reporter-output>
        </test-method> <!-- verify_logout -->
        <test-method is-config="true" signature="close_browser()[pri:0, instance:github_Test.Github_Repo_Test@43bc63a3]" started-at="2022-09-11T09:24:51 IST" name="close_browser" finished-at="2022-09-11T09:24:52 IST" duration-ms="1090" status="PASS">
          <reporter-output>
          </reporter-output>
        </test-method> <!-- close_browser -->
      </class> <!-- github_Test.Github_Repo_Test -->
    </test> <!-- GitHub_Test -->
  </suite> <!-- Suite -->
</testng-results>
