<?xml version="1.0" encoding="UTF-8" ?>
<testsuite tests="7" failures="0" name="github_Test.Github_Repo_Test" time="48.576" errors="0" skipped="0">
  <properties>
[...]
</properties>
  <testcase classname="github_Test.Github_Repo_Test" name="check_invalidlogin" time="5.559"/>
  <testcase classname="github_Test.Github_Repo_Test" name="check_validlogin" time="5.428"/>
  <testcase classname="github_Test.Github_Repo_Test" name="verify_repo_owner" time="3.073"/>
  <testcase classname="github_Test.Github_Repo_Test" name="create_newrepo" time="24.443"/>
  <testcase classname="github_Test.Github_Repo_Test" name="delete_repo" time="7.023"/>
  <testcase classname="github_Test.Github_Repo_Test" name="verify_repo_delete" time="0.278"/>
  <testcase classname="github_Test.Github_Repo_Test" name="verify_logout" time="2.772"/>
</testsuite>