<?xml version="1.0" encoding="UTF-8"?>
<testng-results ignored="0" total="7" passed="7" failed="0" skipped="0">
  <reporter-output>
  </reporter-output>
  <suite started-at="2022-09-07T18:29:37 IST" name="github_Test.Github_Repo_Test" finished-at="2022-09-07T18:31:19 IST" duration-ms="101544">
    <groups>
    </groups>
    <test started-at="2022-09-07T18:29:37 IST" name="Command line test" finished-at="2022-09-07T18:31:19 IST" duration-ms="101544">
      <class name="github_Test.Github_Repo_Test">
        <test-method is-config="true" signature="before_test()[pri:0, instance:github_Test.Github_Repo_Test@22635ba0]" started-at="2022-09-07T18:29:37 IST" name="before_test" finished-at="2022-09-07T18:30:29 IST" duration-ms="51795" status="PASS">
          <reporter-output>
          </reporter-output>
        </test-method> <!-- before_test -->
        <test-method signature="check_invalidlogin()[pri:0, instance:github_Test.Github_Repo_Test@22635ba0]" started-at="2022-09-07T18:30:29 IST" name="check_invalidlogin" finished-at="2022-09-07T18:30:35 IST" duration-ms="5559" status="PASS">
          <reporter-output>
          </reporter-output>
        </test-method> <!-- check_invalidlogin -->
        <test-method signature="check_validlogin()[pri:1, instance:github_Test.Github_Repo_Test@22635ba0]" started-at="2022-09-07T18:30:35 IST" name="check_validlogin" finished-at="2022-09-07T18:30:40 IST" duration-ms="5417" status="PASS">
          <reporter-output>
          </reporter-output>
        </test-method> <!-- check_validlogin -->
        <test-method signature="verify_repo_owner()[pri:2, instance:github_Test.Github_Repo_Test@22635ba0]" started-at="2022-09-07T18:30:40 IST" name="verify_repo_owner" finished-at="2022-09-07T18:30:43 IST" duration-ms="3077" status="PASS">
          <reporter-output>
          </reporter-output>
        </test-method> <!-- verify_repo_owner -->
        <test-method signature="create_newrepo()[pri:3, instance:github_Test.Github_Repo_Test@22635ba0]" started-at="2022-09-07T18:30:43 IST" name="create_newrepo" finished-at="2022-09-07T18:31:08 IST" duration-ms="24436" status="PASS">
          <reporter-output>
          </reporter-output>
        </test-method> <!-- create_newrepo -->
        <test-method signature="delete_repo()[pri:4, instance:github_Test.Github_Repo_Test@22635ba0]" started-at="2022-09-07T18:31:08 IST" name="delete_repo" finished-at="2022-09-07T18:31:15 IST" duration-ms="7018" status="PASS">
          <reporter-output>
          </reporter-output>
        </test-method> <!-- delete_repo -->
        <test-method signature="verify_repo_delete()[pri:5, instance:github_Test.Github_Repo_Test@22635ba0]" started-at="2022-09-07T18:31:15 IST" name="verify_repo_delete" finished-at="2022-09-07T18:31:15 IST" duration-ms="265" status="PASS">
          <reporter-output>
          </reporter-output>
        </test-method> <!-- verify_repo_delete -->
        <test-method signature="verify_logout()[pri:6, instance:github_Test.Github_Repo_Test@22635ba0]" started-at="2022-09-07T18:31:15 IST" name="verify_logout" finished-at="2022-09-07T18:31:18 IST" duration-ms="2782" status="PASS">
          <reporter-output>
          </reporter-output>
        </test-method> <!-- verify_logout -->
        <test-method is-config="true" signature="close_browser()[pri:0, instance:github_Test.Github_Repo_Test@22635ba0]" started-at="2022-09-07T18:31:18 IST" name="close_browser" finished-at="2022-09-07T18:31:19 IST" duration-ms="914" status="PASS">
          <reporter-output>
          </reporter-output>
        </test-method> <!-- close_browser -->
      </class> <!-- github_Test.Github_Repo_Test -->
    </test> <!-- Command line test -->
  </suite> <!-- github_Test.Github_Repo_Test -->
</testng-results>
